

Microchip MPLAB XC8 Assembler V2.31 build 20201012212115 
                                                                                               Thu Jul 22 12:13:13 2021

Microchip MPLAB XC8 C Compiler v2.31 (Free license) build 20201012212115 Og1 
     1                           	processor	16F887
     2                           	pagewidth 120
     3                           	opt	flic
     4                           	psect	cinit,global,class=CODE,merge=1,delta=2
     5                           	psect	bssCOMMON,global,class=COMMON,space=1,delta=1,noexec
     6                           	psect	bssBANK0,global,class=BANK0,space=1,delta=1,noexec
     7                           	psect	cstackCOMMON,global,class=COMMON,space=1,delta=1,noexec
     8                           	psect	cstackBANK0,global,class=BANK0,space=1,delta=1,noexec
     9                           	psect	maintext,global,class=CODE,split=1,delta=2
    10                           	psect	text1,local,class=CODE,merge=1,delta=2,group=1
    11                           	psect	text2,local,class=CODE,merge=1,delta=2
    12                           	psect	intentry,global,class=CODE,delta=2
    13                           	psect	text3,local,class=CODE,merge=1,delta=2
    14                           	psect	text4,local,class=CODE,merge=1,delta=2
    15                           	psect	text5,local,class=CODE,merge=1,delta=2
    16                           	psect	config,global,abs,ovrld,class=CONFIG,space=4,delta=2,noexec
    17                           	dabs	1,0x7E,2
    18  0000                     
    19                           ; Version 2.20
    20                           ; Generated 12/02/2020 GMT
    21                           ; 
    22                           ; Copyright © 2020, Microchip Technology Inc. and its subsidiaries ("Microchip")
    23                           ; All rights reserved.
    24                           ; 
    25                           ; This software is developed by Microchip Technology Inc. and its subsidiaries ("Microch
      +                          ip").
    26                           ; 
    27                           ; Redistribution and use in source and binary forms, with or without modification, are
    28                           ; permitted provided that the following conditions are met:
    29                           ; 
    30                           ;     1. Redistributions of source code must retain the above copyright notice, this lis
      +                          t of
    31                           ;        conditions and the following disclaimer.
    32                           ; 
    33                           ;     2. Redistributions in binary form must reproduce the above copyright notice, this 
      +                          list
    34                           ;        of conditions and the following disclaimer in the documentation and/or other
    35                           ;        materials provided with the distribution.
    36                           ; 
    37                           ;     3. Microchip's name may not be used to endorse or promote products derived from th
      +                          is
    38                           ;        software without specific prior written permission.
    39                           ; 
    40                           ; THIS SOFTWARE IS PROVIDED BY MICROCHIP "AS IS" AND ANY EXPRESS OR IMPLIED WARRANTIES,
    41                           ; INCLUDING, BUT NOT LIMITED TO, THE IMPLIED WARRANTIES OF MERCHANTABILITY AND FITNESS F
      +                          OR
    42                           ; PURPOSE ARE DISCLAIMED.  IN NO EVENT SHALL MICROCHIP BE LIABLE FOR ANY DIRECT, INDIREC
      +                          T,
    43                           ; INCIDENTAL, SPECIAL, EXEMPLARY, OR CONSEQUENTIAL DAMAGES (INCLUDING BUT NOT LIMITED TO
    44                           ; PROCUREMENT OF SUBSTITUTE GOODS OR SERVICES; LOSS OF USE, DATA OR PROFITS; OR BUSINESS
    45                           ; INTERRUPTION) HOWSOEVER CAUSED AND ON ANY THEORY OF LIABILITY, WHETHER IN CONTRACT, ST
      +                          RICT
    46                           ; LIABILITY, OR TORT (INCLUDING NEGLIGENCE OR OTHERWISE) ARISING IN ANY WAY OUT OF THE U
      +                          SE OF
    47                           ; THIS SOFTWARE, EVEN IF ADVISED OF THE POSSIBILITY OF SUCH DAMAGE.
    48                           ; 
    49                           ; 
    50                           ; Code-generator required, PIC16F887 Definitions
    51                           ; 
    52                           ; SFR Addresses
    53  0000                     	;# 
    54  0001                     	;# 
    55  0002                     	;# 
    56  0003                     	;# 
    57  0004                     	;# 
    58  0005                     	;# 
    59  0006                     	;# 
    60  0007                     	;# 
    61  0008                     	;# 
    62  0009                     	;# 
    63  000A                     	;# 
    64  000B                     	;# 
    65  000C                     	;# 
    66  000D                     	;# 
    67  000E                     	;# 
    68  000E                     	;# 
    69  000F                     	;# 
    70  0010                     	;# 
    71  0011                     	;# 
    72  0012                     	;# 
    73  0013                     	;# 
    74  0014                     	;# 
    75  0015                     	;# 
    76  0015                     	;# 
    77  0016                     	;# 
    78  0017                     	;# 
    79  0018                     	;# 
    80  0019                     	;# 
    81  001A                     	;# 
    82  001B                     	;# 
    83  001B                     	;# 
    84  001C                     	;# 
    85  001D                     	;# 
    86  001E                     	;# 
    87  001F                     	;# 
    88  0081                     	;# 
    89  0085                     	;# 
    90  0086                     	;# 
    91  0087                     	;# 
    92  0088                     	;# 
    93  0089                     	;# 
    94  008C                     	;# 
    95  008D                     	;# 
    96  008E                     	;# 
    97  008F                     	;# 
    98  0090                     	;# 
    99  0091                     	;# 
   100  0092                     	;# 
   101  0093                     	;# 
   102  0093                     	;# 
   103  0093                     	;# 
   104  0094                     	;# 
   105  0095                     	;# 
   106  0096                     	;# 
   107  0097                     	;# 
   108  0098                     	;# 
   109  0099                     	;# 
   110  009A                     	;# 
   111  009B                     	;# 
   112  009C                     	;# 
   113  009D                     	;# 
   114  009E                     	;# 
   115  009F                     	;# 
   116  0105                     	;# 
   117  0107                     	;# 
   118  0108                     	;# 
   119  0109                     	;# 
   120  010C                     	;# 
   121  010C                     	;# 
   122  010D                     	;# 
   123  010E                     	;# 
   124  010F                     	;# 
   125  0185                     	;# 
   126  0187                     	;# 
   127  0188                     	;# 
   128  0189                     	;# 
   129  018C                     	;# 
   130  018D                     	;# 
   131  0000                     	;# 
   132  0001                     	;# 
   133  0002                     	;# 
   134  0003                     	;# 
   135  0004                     	;# 
   136  0005                     	;# 
   137  0006                     	;# 
   138  0007                     	;# 
   139  0008                     	;# 
   140  0009                     	;# 
   141  000A                     	;# 
   142  000B                     	;# 
   143  000C                     	;# 
   144  000D                     	;# 
   145  000E                     	;# 
   146  000E                     	;# 
   147  000F                     	;# 
   148  0010                     	;# 
   149  0011                     	;# 
   150  0012                     	;# 
   151  0013                     	;# 
   152  0014                     	;# 
   153  0015                     	;# 
   154  0015                     	;# 
   155  0016                     	;# 
   156  0017                     	;# 
   157  0018                     	;# 
   158  0019                     	;# 
   159  001A                     	;# 
   160  001B                     	;# 
   161  001B                     	;# 
   162  001C                     	;# 
   163  001D                     	;# 
   164  001E                     	;# 
   165  001F                     	;# 
   166  0081                     	;# 
   167  0085                     	;# 
   168  0086                     	;# 
   169  0087                     	;# 
   170  0088                     	;# 
   171  0089                     	;# 
   172  008C                     	;# 
   173  008D                     	;# 
   174  008E                     	;# 
   175  008F                     	;# 
   176  0090                     	;# 
   177  0091                     	;# 
   178  0092                     	;# 
   179  0093                     	;# 
   180  0093                     	;# 
   181  0093                     	;# 
   182  0094                     	;# 
   183  0095                     	;# 
   184  0096                     	;# 
   185  0097                     	;# 
   186  0098                     	;# 
   187  0099                     	;# 
   188  009A                     	;# 
   189  009B                     	;# 
   190  009C                     	;# 
   191  009D                     	;# 
   192  009E                     	;# 
   193  009F                     	;# 
   194  0105                     	;# 
   195  0107                     	;# 
   196  0108                     	;# 
   197  0109                     	;# 
   198  010C                     	;# 
   199  010C                     	;# 
   200  010D                     	;# 
   201  010E                     	;# 
   202  010F                     	;# 
   203  0185                     	;# 
   204  0187                     	;# 
   205  0188                     	;# 
   206  0189                     	;# 
   207  018C                     	;# 
   208  018D                     	;# 
   209  0000                     	;# 
   210  0001                     	;# 
   211  0002                     	;# 
   212  0003                     	;# 
   213  0004                     	;# 
   214  0005                     	;# 
   215  0006                     	;# 
   216  0007                     	;# 
   217  0008                     	;# 
   218  0009                     	;# 
   219  000A                     	;# 
   220  000B                     	;# 
   221  000C                     	;# 
   222  000D                     	;# 
   223  000E                     	;# 
   224  000E                     	;# 
   225  000F                     	;# 
   226  0010                     	;# 
   227  0011                     	;# 
   228  0012                     	;# 
   229  0013                     	;# 
   230  0014                     	;# 
   231  0015                     	;# 
   232  0015                     	;# 
   233  0016                     	;# 
   234  0017                     	;# 
   235  0018                     	;# 
   236  0019                     	;# 
   237  001A                     	;# 
   238  001B                     	;# 
   239  001B                     	;# 
   240  001C                     	;# 
   241  001D                     	;# 
   242  001E                     	;# 
   243  001F                     	;# 
   244  0081                     	;# 
   245  0085                     	;# 
   246  0086                     	;# 
   247  0087                     	;# 
   248  0088                     	;# 
   249  0089                     	;# 
   250  008C                     	;# 
   251  008D                     	;# 
   252  008E                     	;# 
   253  008F                     	;# 
   254  0090                     	;# 
   255  0091                     	;# 
   256  0092                     	;# 
   257  0093                     	;# 
   258  0093                     	;# 
   259  0093                     	;# 
   260  0094                     	;# 
   261  0095                     	;# 
   262  0096                     	;# 
   263  0097                     	;# 
   264  0098                     	;# 
   265  0099                     	;# 
   266  009A                     	;# 
   267  009B                     	;# 
   268  009C                     	;# 
   269  009D                     	;# 
   270  009E                     	;# 
   271  009F                     	;# 
   272  0105                     	;# 
   273  0107                     	;# 
   274  0108                     	;# 
   275  0109                     	;# 
   276  010C                     	;# 
   277  010C                     	;# 
   278  010D                     	;# 
   279  010E                     	;# 
   280  010F                     	;# 
   281  0185                     	;# 
   282  0187                     	;# 
   283  0188                     	;# 
   284  0189                     	;# 
   285  018C                     	;# 
   286  018D                     	;# 
   287  0000                     	;# 
   288  0001                     	;# 
   289  0002                     	;# 
   290  0003                     	;# 
   291  0004                     	;# 
   292  0005                     	;# 
   293  0006                     	;# 
   294  0007                     	;# 
   295  0008                     	;# 
   296  0009                     	;# 
   297  000A                     	;# 
   298  000B                     	;# 
   299  000C                     	;# 
   300  000D                     	;# 
   301  000E                     	;# 
   302  000E                     	;# 
   303  000F                     	;# 
   304  0010                     	;# 
   305  0011                     	;# 
   306  0012                     	;# 
   307  0013                     	;# 
   308  0014                     	;# 
   309  0015                     	;# 
   310  0015                     	;# 
   311  0016                     	;# 
   312  0017                     	;# 
   313  0018                     	;# 
   314  0019                     	;# 
   315  001A                     	;# 
   316  001B                     	;# 
   317  001B                     	;# 
   318  001C                     	;# 
   319  001D                     	;# 
   320  001E                     	;# 
   321  001F                     	;# 
   322  0081                     	;# 
   323  0085                     	;# 
   324  0086                     	;# 
   325  0087                     	;# 
   326  0088                     	;# 
   327  0089                     	;# 
   328  008C                     	;# 
   329  008D                     	;# 
   330  008E                     	;# 
   331  008F                     	;# 
   332  0090                     	;# 
   333  0091                     	;# 
   334  0092                     	;# 
   335  0093                     	;# 
   336  0093                     	;# 
   337  0093                     	;# 
   338  0094                     	;# 
   339  0095                     	;# 
   340  0096                     	;# 
   341  0097                     	;# 
   342  0098                     	;# 
   343  0099                     	;# 
   344  009A                     	;# 
   345  009B                     	;# 
   346  009C                     	;# 
   347  009D                     	;# 
   348  009E                     	;# 
   349  009F                     	;# 
   350  0105                     	;# 
   351  0107                     	;# 
   352  0108                     	;# 
   353  0109                     	;# 
   354  010C                     	;# 
   355  010C                     	;# 
   356  010D                     	;# 
   357  010E                     	;# 
   358  010F                     	;# 
   359  0185                     	;# 
   360  0187                     	;# 
   361  0188                     	;# 
   362  0189                     	;# 
   363  018C                     	;# 
   364  018D                     	;# 
   365  0000                     	;# 
   366  0001                     	;# 
   367  0002                     	;# 
   368  0003                     	;# 
   369  0004                     	;# 
   370  0005                     	;# 
   371  0006                     	;# 
   372  0007                     	;# 
   373  0008                     	;# 
   374  0009                     	;# 
   375  000A                     	;# 
   376  000B                     	;# 
   377  000C                     	;# 
   378  000D                     	;# 
   379  000E                     	;# 
   380  000E                     	;# 
   381  000F                     	;# 
   382  0010                     	;# 
   383  0011                     	;# 
   384  0012                     	;# 
   385  0013                     	;# 
   386  0014                     	;# 
   387  0015                     	;# 
   388  0015                     	;# 
   389  0016                     	;# 
   390  0017                     	;# 
   391  0018                     	;# 
   392  0019                     	;# 
   393  001A                     	;# 
   394  001B                     	;# 
   395  001B                     	;# 
   396  001C                     	;# 
   397  001D                     	;# 
   398  001E                     	;# 
   399  001F                     	;# 
   400  0081                     	;# 
   401  0085                     	;# 
   402  0086                     	;# 
   403  0087                     	;# 
   404  0088                     	;# 
   405  0089                     	;# 
   406  008C                     	;# 
   407  008D                     	;# 
   408  008E                     	;# 
   409  008F                     	;# 
   410  0090                     	;# 
   411  0091                     	;# 
   412  0092                     	;# 
   413  0093                     	;# 
   414  0093                     	;# 
   415  0093                     	;# 
   416  0094                     	;# 
   417  0095                     	;# 
   418  0096                     	;# 
   419  0097                     	;# 
   420  0098                     	;# 
   421  0099                     	;# 
   422  009A                     	;# 
   423  009B                     	;# 
   424  009C                     	;# 
   425  009D                     	;# 
   426  009E                     	;# 
   427  009F                     	;# 
   428  0105                     	;# 
   429  0107                     	;# 
   430  0108                     	;# 
   431  0109                     	;# 
   432  010C                     	;# 
   433  010C                     	;# 
   434  010D                     	;# 
   435  010E                     	;# 
   436  010F                     	;# 
   437  0185                     	;# 
   438  0187                     	;# 
   439  0188                     	;# 
   440  0189                     	;# 
   441  018C                     	;# 
   442  018D                     	;# 
   443  001E                     _ADRESH	set	30
   444  000B                     _INTCONbits	set	11
   445  0001                     _TMR0	set	1
   446  001F                     _ADCON0	set	31
   447  0009                     _PORTE	set	9
   448  0007                     _PORTC	set	7
   449  0006                     _PORTB	set	6
   450  0005                     _PORTA	set	5
   451  0008                     _PORTD	set	8
   452  001F                     _ADCON0bits	set	31
   453  0006                     _PORTBbits	set	6
   454  005A                     _T0IF	set	90
   455  0066                     _ADIF	set	102
   456  0058                     _RBIF	set	88
   457  008C                     _PIE1bits	set	140
   458  0096                     _IOCBbits	set	150
   459  0095                     _WPUBbits	set	149
   460  0081                     _OPTION_REGbits	set	129
   461  009F                     _ADCON1	set	159
   462  0089                     _TRISE	set	137
   463  0088                     _TRISD	set	136
   464  0087                     _TRISC	set	135
   465  0086                     _TRISB	set	134
   466  0085                     _TRISA	set	133
   467  008F                     _OSCCONbits	set	143
   468  0189                     _ANSELH	set	393
   469  0188                     _ANSEL	set	392
   470                           
   471                           	psect	cinit
   472  0011                     start_initialization:	
   473                           ; #config settings
   474                           
   475  0011                     __initialization:
   476                           
   477                           ; Clear objects allocated to COMMON
   478  0011  01F8               	clrf	__pbssCOMMON& (0+127)
   479  0012  01F9               	clrf	(__pbssCOMMON+1)& (0+127)
   480  0013  01FA               	clrf	(__pbssCOMMON+2)& (0+127)
   481  0014  01FB               	clrf	(__pbssCOMMON+3)& (0+127)
   482                           
   483                           ; Clear objects allocated to BANK0
   484  0015  1283               	bcf	3,5	;RP0=0, select bank0
   485  0016  1303               	bcf	3,6	;RP1=0, select bank0
   486  0017  01AC               	clrf	__pbssBANK0& (0+127)
   487  0018  01AD               	clrf	(__pbssBANK0+1)& (0+127)
   488  0019  01AE               	clrf	(__pbssBANK0+2)& (0+127)
   489  001A  01AF               	clrf	(__pbssBANK0+3)& (0+127)
   490  001B                     end_of_initialization:	
   491                           ;End of C runtime variable initialization code
   492                           
   493  001B                     __end_of__initialization:
   494  001B  0183               	clrf	3
   495  001C  120A  118A  28F4   	ljmp	_main	;jump to C main() function
   496                           
   497                           	psect	bssCOMMON
   498  0078                     __pbssCOMMON:
   499  0078                     _banderas:
   500  0078                     	ds	1
   501  0079                     _disp2:
   502  0079                     	ds	1
   503  007A                     _disp1:
   504  007A                     	ds	1
   505  007B                     _num:
   506  007B                     	ds	1
   507                           
   508                           	psect	bssBANK0
   509  002C                     __pbssBANK0:
   510  002C                     _num2:
   511  002C                     	ds	1
   512  002D                     _num1:
   513  002D                     	ds	1
   514  002E                     _valHex:
   515  002E                     	ds	1
   516  002F                     _var:
   517  002F                     	ds	1
   518                           
   519                           	psect	cstackCOMMON
   520  0070                     __pcstackCOMMON:
   521  0070                     ?_ADCnum:
   522  0070                     ??_ADCnum:	
   523                           ; 1 bytes @ 0x0
   524                           
   525  0070                     ?_TMR0_LIB:	
   526                           ; 1 bytes @ 0x0
   527                           
   528  0070                     ??_TMR0_LIB:	
   529                           ; 1 bytes @ 0x0
   530                           
   531  0070                     ?_TablaHex:	
   532                           ; 1 bytes @ 0x0
   533                           
   534  0070                     ??_TablaHex:	
   535                           ; 1 bytes @ 0x0
   536                           
   537  0070                     ?_isr:	
   538                           ; 1 bytes @ 0x0
   539                           
   540  0070                     ?_main:	
   541                           ; 1 bytes @ 0x0
   542                           
   543  0070                     ADCnum@num:	
   544                           ; 1 bytes @ 0x0
   545                           
   546                           
   547                           ; 1 bytes @ 0x0
   548  0070                     	ds	2
   549  0072                     TablaHex@valorH:
   550                           
   551                           ; 1 bytes @ 0x2
   552  0072                     	ds	1
   553  0073                     ??_isr:
   554                           
   555                           ; 1 bytes @ 0x3
   556  0073                     	ds	5
   557                           
   558                           	psect	cstackBANK0
   559  0020                     __pcstackBANK0:
   560  0020                     ?___awdiv:
   561  0020                     ___awdiv@divisor:	
   562                           ; 2 bytes @ 0x0
   563                           
   564                           
   565                           ; 2 bytes @ 0x0
   566  0020                     	ds	2
   567  0022                     ___awdiv@dividend:
   568                           
   569                           ; 2 bytes @ 0x2
   570  0022                     	ds	2
   571  0024                     ??___awdiv:
   572                           
   573                           ; 1 bytes @ 0x4
   574  0024                     	ds	1
   575  0025                     ___awdiv@counter:
   576                           
   577                           ; 1 bytes @ 0x5
   578  0025                     	ds	1
   579  0026                     ___awdiv@sign:
   580                           
   581                           ; 1 bytes @ 0x6
   582  0026                     	ds	1
   583  0027                     ___awdiv@quotient:
   584                           
   585                           ; 2 bytes @ 0x7
   586  0027                     	ds	2
   587  0029                     ??_main:
   588                           
   589                           ; 1 bytes @ 0x9
   590  0029                     	ds	3
   591                           
   592                           	psect	maintext
   593  00F4                     __pmaintext:	
   594 ;;
   595 ;;Main: autosize = 0, tempsize = 3, incstack = 0, save=0
   596 ;;
   597 ;; *************** function _main *****************
   598 ;; Defined at:
   599 ;;		line 77 in file "main.c"
   600 ;; Parameters:    Size  Location     Type
   601 ;;		None
   602 ;; Auto vars:     Size  Location     Type
   603 ;;		None
   604 ;; Return value:  Size  Location     Type
   605 ;;                  1    wreg      void 
   606 ;; Registers used:
   607 ;;		wreg, status,2, status,0, pclath, cstack
   608 ;; Tracked objects:
   609 ;;		On entry : B00/0
   610 ;;		On exit  : 0/0
   611 ;;		Unchanged: 0/0
   612 ;; Data sizes:     COMMON   BANK0   BANK1   BANK3   BANK2
   613 ;;      Params:         0       0       0       0       0
   614 ;;      Locals:         0       0       0       0       0
   615 ;;      Temps:          0       3       0       0       0
   616 ;;      Totals:         0       3       0       0       0
   617 ;;Total ram usage:        3 bytes
   618 ;; Hardware stack levels required when called:    3
   619 ;; This function calls:
   620 ;;		___awdiv
   621 ;; This function is called by:
   622 ;;		Startup code after reset
   623 ;; This function uses a non-reentrant model
   624 ;;
   625                           
   626                           
   627                           ;psect for function _main
   628  00F4                     _main:
   629  00F4                     l1239:	
   630                           ;incstack = 0
   631                           ; Regs used in _main: [wreg+status,2+status,0+pclath+cstack]
   632                           
   633                           
   634                           ;main.c: 80: 
   635  00F4  1683               	bsf	3,5	;RP0=1, select bank1
   636  00F5  1303               	bcf	3,6	;RP1=0, select bank1
   637  00F6  080F               	movf	15,w	;volatile
   638  00F7  398F               	andlw	-113
   639  00F8  3840               	iorlw	64
   640  00F9  008F               	movwf	15	;volatile
   641  00FA                     l1241:
   642                           
   643                           ;main.c: 81: 
   644  00FA  140F               	bsf	15,0	;volatile
   645  00FB                     l1243:
   646  00FB  1683               	bsf	3,5	;RP0=1, select bank3
   647  00FC  1703               	bsf	3,6	;RP1=1, select bank3
   648  00FD  0188               	clrf	8	;volatile
   649  00FE                     l1245:
   650  00FE  3020               	movlw	32
   651  00FF  0089               	movwf	9	;volatile
   652  0100                     l1247:
   653  0100  1683               	bsf	3,5	;RP0=1, select bank1
   654  0101  1303               	bcf	3,6	;RP1=0, select bank1
   655  0102  0185               	clrf	5	;volatile
   656  0103                     l1249:
   657  0103  3023               	movlw	35
   658  0104  0086               	movwf	6	;volatile
   659  0105                     l1251:
   660  0105  0187               	clrf	7	;volatile
   661  0106                     l1253:
   662  0106  0188               	clrf	8	;volatile
   663  0107                     l1255:
   664  0107  3004               	movlw	4
   665  0108  0089               	movwf	9	;volatile
   666  0109                     l1257:
   667  0109  1283               	bcf	3,5	;RP0=0, select bank0
   668  010A  1303               	bcf	3,6	;RP1=0, select bank0
   669  010B  0185               	clrf	5	;volatile
   670  010C                     l1259:
   671  010C  0186               	clrf	6	;volatile
   672  010D                     l1261:
   673  010D  0187               	clrf	7	;volatile
   674  010E                     l1263:
   675  010E  0188               	clrf	8	;volatile
   676  010F                     l1265:
   677  010F  0189               	clrf	9	;volatile
   678  0110                     l1267:
   679  0110  3037               	movlw	55
   680  0111  009F               	movwf	31	;volatile
   681  0112                     l1269:
   682  0112  1683               	bsf	3,5	;RP0=1, select bank1
   683  0113  1303               	bcf	3,6	;RP1=0, select bank1
   684  0114  019F               	clrf	31	;volatile
   685  0115                     l1271:
   686  0115  3084               	movlw	132
   687  0116  1283               	bcf	3,5	;RP0=0, select bank0
   688  0117  1303               	bcf	3,6	;RP1=0, select bank0
   689  0118  00A9               	movwf	??_main
   690  0119                     u317:
   691  0119  0BA9               	decfsz	??_main,f
   692  011A  2919               	goto	u317
   693  011B  0000               	nop
   694  011C                     l1273:
   695  011C  1683               	bsf	3,5	;RP0=1, select bank1
   696  011D  1303               	bcf	3,6	;RP1=0, select bank1
   697  011E  1381               	bcf	1,7	;volatile
   698  011F                     l1275:
   699  011F  1415               	bsf	21,0	;volatile
   700  0120                     l1277:
   701  0120  1495               	bsf	21,1	;volatile
   702  0121                     l1279:
   703  0121  1416               	bsf	22,0	;volatile
   704  0122                     l1281:
   705  0122  1496               	bsf	22,1	;volatile
   706  0123                     l1283:
   707                           
   708                           ;main.c: 124:     OPTION_REGbits.T0CS = 0;
   709  0123  1281               	bcf	1,5	;volatile
   710  0124                     l1285:
   711                           
   712                           ;main.c: 125:     OPTION_REGbits.PSA = 0;
   713  0124  1181               	bcf	1,3	;volatile
   714  0125                     l1287:
   715                           
   716                           ;main.c: 126:     OPTION_REGbits.PS2 = 0;
   717  0125  1101               	bcf	1,2	;volatile
   718  0126                     l1289:
   719                           
   720                           ;main.c: 127:     OPTION_REGbits.PS1 = 1;
   721  0126  1481               	bsf	1,1	;volatile
   722  0127                     l1291:
   723                           
   724                           ;main.c: 128:     OPTION_REGbits.PS0 = 1;
   725  0127  1401               	bsf	1,0	;volatile
   726  0128                     l1293:
   727                           
   728                           ;main.c: 131:     TMR0 = 100;
   729  0128  3064               	movlw	100
   730  0129  1283               	bcf	3,5	;RP0=0, select bank0
   731  012A  1303               	bcf	3,6	;RP1=0, select bank0
   732  012B  0081               	movwf	1	;volatile
   733  012C                     l1295:
   734                           
   735                           ;main.c: 132:     INTCONbits.T0IF = 0;
   736  012C  110B               	bcf	11,2	;volatile
   737  012D                     l1297:
   738                           
   739                           ;main.c: 135:     INTCONbits.GIE = 1;
   740  012D  178B               	bsf	11,7	;volatile
   741  012E                     l1299:
   742                           
   743                           ;main.c: 136:     INTCONbits.RBIE = 1;
   744  012E  158B               	bsf	11,3	;volatile
   745  012F                     l1301:
   746                           
   747                           ;main.c: 137:     INTCONbits.PEIE = 1;
   748  012F  170B               	bsf	11,6	;volatile
   749  0130                     l1303:
   750                           
   751                           ;main.c: 138:     INTCONbits.T0IE = 1;
   752  0130  168B               	bsf	11,5	;volatile
   753  0131                     l1305:
   754                           
   755                           ;main.c: 139:     PIE1bits.ADIE = 1;
   756  0131  1683               	bsf	3,5	;RP0=1, select bank1
   757  0132  1303               	bcf	3,6	;RP1=0, select bank1
   758  0133  170C               	bsf	12,6	;volatile
   759  0134                     l1307:
   760                           
   761                           ;main.c: 142:         PORTC = var;
   762  0134  1283               	bcf	3,5	;RP0=0, select bank0
   763  0135  082F               	movf	_var,w
   764  0136  0087               	movwf	7	;volatile
   765  0137                     l1309:
   766                           
   767                           ;main.c: 143:         num1 = valHex/16;
   768  0137  3010               	movlw	16
   769  0138  00A0               	movwf	___awdiv@divisor
   770  0139  3000               	movlw	0
   771  013A  00A1               	movwf	___awdiv@divisor+1
   772  013B  082E               	movf	_valHex,w
   773  013C  00A9               	movwf	??_main
   774  013D  01AA               	clrf	??_main+1
   775  013E  0829               	movf	??_main,w
   776  013F  00A2               	movwf	___awdiv@dividend
   777  0140  082A               	movf	??_main+1,w
   778  0141  00A3               	movwf	___awdiv@dividend+1
   779  0142  120A  118A  208B  120A  118A  	fcall	___awdiv
   780  0147  1283               	bcf	3,5	;RP0=0, select bank0
   781  0148  1303               	bcf	3,6	;RP1=0, select bank0
   782  0149  0820               	movf	?___awdiv,w
   783  014A  00AB               	movwf	??_main+2
   784  014B  082B               	movf	??_main+2,w
   785  014C  00AD               	movwf	_num1
   786  014D                     l1311:
   787                           
   788                           ;main.c: 144:         num2 = valHex%16;
   789  014D  082E               	movf	_valHex,w
   790  014E  390F               	andlw	15
   791  014F  00A9               	movwf	??_main
   792  0150  0829               	movf	??_main,w
   793  0151  00AC               	movwf	_num2
   794  0152  2934               	goto	l1307
   795  0153  120A  118A  280E   	ljmp	start
   796  0156                     __end_of_main:
   797                           
   798                           	psect	text1
   799  008B                     __ptext1:	
   800 ;; *************** function ___awdiv *****************
   801 ;; Defined at:
   802 ;;		line 5 in file "C:\Program Files\Microchip\xc8\v2.31\pic\sources\c90\common\awdiv.c"
   803 ;; Parameters:    Size  Location     Type
   804 ;;  divisor         2    0[BANK0 ] int 
   805 ;;  dividend        2    2[BANK0 ] int 
   806 ;; Auto vars:     Size  Location     Type
   807 ;;  quotient        2    7[BANK0 ] int 
   808 ;;  sign            1    6[BANK0 ] unsigned char 
   809 ;;  counter         1    5[BANK0 ] unsigned char 
   810 ;; Return value:  Size  Location     Type
   811 ;;                  2    0[BANK0 ] int 
   812 ;; Registers used:
   813 ;;		wreg, status,2, status,0
   814 ;; Tracked objects:
   815 ;;		On entry : 0/0
   816 ;;		On exit  : 0/0
   817 ;;		Unchanged: 0/0
   818 ;; Data sizes:     COMMON   BANK0   BANK1   BANK3   BANK2
   819 ;;      Params:         0       4       0       0       0
   820 ;;      Locals:         0       4       0       0       0
   821 ;;      Temps:          0       1       0       0       0
   822 ;;      Totals:         0       9       0       0       0
   823 ;;Total ram usage:        9 bytes
   824 ;; Hardware stack levels used:    1
   825 ;; Hardware stack levels required when called:    2
   826 ;; This function calls:
   827 ;;		Nothing
   828 ;; This function is called by:
   829 ;;		_main
   830 ;; This function uses a non-reentrant model
   831 ;;
   832                           
   833                           
   834                           ;psect for function ___awdiv
   835  008B                     ___awdiv:
   836  008B                     l1153:	
   837                           ;incstack = 0
   838                           ; Regs used in ___awdiv: [wreg+status,2+status,0]
   839                           
   840  008B  1283               	bcf	3,5	;RP0=0, select bank0
   841  008C  1303               	bcf	3,6	;RP1=0, select bank0
   842  008D  01A6               	clrf	___awdiv@sign
   843  008E                     l1155:
   844  008E  1FA1               	btfss	___awdiv@divisor+1,7
   845  008F  2891               	goto	u161
   846  0090  2892               	goto	u160
   847  0091                     u161:
   848  0091  2899               	goto	l1161
   849  0092                     u160:
   850  0092                     l1157:
   851  0092  09A0               	comf	___awdiv@divisor,f
   852  0093  09A1               	comf	___awdiv@divisor+1,f
   853  0094  0AA0               	incf	___awdiv@divisor,f
   854  0095  1903               	skipnz
   855  0096  0AA1               	incf	___awdiv@divisor+1,f
   856  0097                     l1159:
   857  0097  01A6               	clrf	___awdiv@sign
   858  0098  0AA6               	incf	___awdiv@sign,f
   859  0099                     l1161:
   860  0099  1FA3               	btfss	___awdiv@dividend+1,7
   861  009A  289C               	goto	u171
   862  009B  289D               	goto	u170
   863  009C                     u171:
   864  009C  28A6               	goto	l1167
   865  009D                     u170:
   866  009D                     l1163:
   867  009D  09A2               	comf	___awdiv@dividend,f
   868  009E  09A3               	comf	___awdiv@dividend+1,f
   869  009F  0AA2               	incf	___awdiv@dividend,f
   870  00A0  1903               	skipnz
   871  00A1  0AA3               	incf	___awdiv@dividend+1,f
   872  00A2                     l1165:
   873  00A2  3001               	movlw	1
   874  00A3  00A4               	movwf	??___awdiv
   875  00A4  0824               	movf	??___awdiv,w
   876  00A5  06A6               	xorwf	___awdiv@sign,f
   877  00A6                     l1167:
   878  00A6  01A7               	clrf	___awdiv@quotient
   879  00A7  01A8               	clrf	___awdiv@quotient+1
   880  00A8                     l1169:
   881  00A8  0820               	movf	___awdiv@divisor,w
   882  00A9  0421               	iorwf	___awdiv@divisor+1,w
   883  00AA  1903               	btfsc	3,2
   884  00AB  28AD               	goto	u181
   885  00AC  28AE               	goto	u180
   886  00AD                     u181:
   887  00AD  28E5               	goto	l1189
   888  00AE                     u180:
   889  00AE                     l1171:
   890  00AE  01A5               	clrf	___awdiv@counter
   891  00AF  0AA5               	incf	___awdiv@counter,f
   892  00B0  28BC               	goto	l1177
   893  00B1                     l1173:
   894  00B1  3001               	movlw	1
   895  00B2                     u195:
   896  00B2  1003               	clrc
   897  00B3  0DA0               	rlf	___awdiv@divisor,f
   898  00B4  0DA1               	rlf	___awdiv@divisor+1,f
   899  00B5  3EFF               	addlw	-1
   900  00B6  1D03               	skipz
   901  00B7  28B2               	goto	u195
   902  00B8                     l1175:
   903  00B8  3001               	movlw	1
   904  00B9  00A4               	movwf	??___awdiv
   905  00BA  0824               	movf	??___awdiv,w
   906  00BB  07A5               	addwf	___awdiv@counter,f
   907  00BC                     l1177:
   908  00BC  1FA1               	btfss	___awdiv@divisor+1,7
   909  00BD  28BF               	goto	u201
   910  00BE  28C0               	goto	u200
   911  00BF                     u201:
   912  00BF  28B1               	goto	l1173
   913  00C0                     u200:
   914  00C0                     l1179:
   915  00C0  3001               	movlw	1
   916  00C1                     u215:
   917  00C1  1003               	clrc
   918  00C2  0DA7               	rlf	___awdiv@quotient,f
   919  00C3  0DA8               	rlf	___awdiv@quotient+1,f
   920  00C4  3EFF               	addlw	-1
   921  00C5  1D03               	skipz
   922  00C6  28C1               	goto	u215
   923  00C7  0821               	movf	___awdiv@divisor+1,w
   924  00C8  0223               	subwf	___awdiv@dividend+1,w
   925  00C9  1D03               	skipz
   926  00CA  28CD               	goto	u225
   927  00CB  0820               	movf	___awdiv@divisor,w
   928  00CC  0222               	subwf	___awdiv@dividend,w
   929  00CD                     u225:
   930  00CD  1C03               	skipc
   931  00CE  28D0               	goto	u221
   932  00CF  28D1               	goto	u220
   933  00D0                     u221:
   934  00D0  28D8               	goto	l1185
   935  00D1                     u220:
   936  00D1                     l1181:
   937  00D1  0820               	movf	___awdiv@divisor,w
   938  00D2  02A2               	subwf	___awdiv@dividend,f
   939  00D3  0821               	movf	___awdiv@divisor+1,w
   940  00D4  1C03               	skipc
   941  00D5  03A3               	decf	___awdiv@dividend+1,f
   942  00D6  02A3               	subwf	___awdiv@dividend+1,f
   943  00D7                     l1183:
   944  00D7  1427               	bsf	___awdiv@quotient,0
   945  00D8                     l1185:
   946  00D8  3001               	movlw	1
   947  00D9                     u235:
   948  00D9  1003               	clrc
   949  00DA  0CA1               	rrf	___awdiv@divisor+1,f
   950  00DB  0CA0               	rrf	___awdiv@divisor,f
   951  00DC  3EFF               	addlw	-1
   952  00DD  1D03               	skipz
   953  00DE  28D9               	goto	u235
   954  00DF                     l1187:
   955  00DF  3001               	movlw	1
   956  00E0  02A5               	subwf	___awdiv@counter,f
   957  00E1  1D03               	btfss	3,2
   958  00E2  28E4               	goto	u241
   959  00E3  28E5               	goto	u240
   960  00E4                     u241:
   961  00E4  28C0               	goto	l1179
   962  00E5                     u240:
   963  00E5                     l1189:
   964  00E5  0826               	movf	___awdiv@sign,w
   965  00E6  1903               	btfsc	3,2
   966  00E7  28E9               	goto	u251
   967  00E8  28EA               	goto	u250
   968  00E9                     u251:
   969  00E9  28EF               	goto	l1193
   970  00EA                     u250:
   971  00EA                     l1191:
   972  00EA  09A7               	comf	___awdiv@quotient,f
   973  00EB  09A8               	comf	___awdiv@quotient+1,f
   974  00EC  0AA7               	incf	___awdiv@quotient,f
   975  00ED  1903               	skipnz
   976  00EE  0AA8               	incf	___awdiv@quotient+1,f
   977  00EF                     l1193:
   978  00EF  0828               	movf	___awdiv@quotient+1,w
   979  00F0  00A1               	movwf	?___awdiv+1
   980  00F1  0827               	movf	___awdiv@quotient,w
   981  00F2  00A0               	movwf	?___awdiv
   982  00F3                     l372:
   983  00F3  0008               	return
   984  00F4                     __end_of___awdiv:
   985                           
   986                           	psect	text2
   987  001F                     __ptext2:	
   988 ;; *************** function _isr *****************
   989 ;; Defined at:
   990 ;;		line 39 in file "main.c"
   991 ;; Parameters:    Size  Location     Type
   992 ;;		None
   993 ;; Auto vars:     Size  Location     Type
   994 ;;		None
   995 ;; Return value:  Size  Location     Type
   996 ;;                  1    wreg      void 
   997 ;; Registers used:
   998 ;;		wreg, fsr0l, fsr0h, status,2, status,0, pclath, cstack
   999 ;; Tracked objects:
  1000 ;;		On entry : 0/0
  1001 ;;		On exit  : 0/0
  1002 ;;		Unchanged: 0/0
  1003 ;; Data sizes:     COMMON   BANK0   BANK1   BANK3   BANK2
  1004 ;;      Params:         0       0       0       0       0
  1005 ;;      Locals:         0       0       0       0       0
  1006 ;;      Temps:          5       0       0       0       0
  1007 ;;      Totals:         5       0       0       0       0
  1008 ;;Total ram usage:        5 bytes
  1009 ;; Hardware stack levels used:    1
  1010 ;; Hardware stack levels required when called:    1
  1011 ;; This function calls:
  1012 ;;		_ADCnum
  1013 ;;		_TMR0_LIB
  1014 ;;		_TablaHex
  1015 ;; This function is called by:
  1016 ;;		Interrupt level 1
  1017 ;; This function uses a non-reentrant model
  1018 ;;
  1019                           
  1020                           
  1021                           ;psect for function _isr
  1022  001F                     _isr:
  1023  001F                     i1l1197:
  1024                           
  1025                           ;main.c: 41:             banderas = 0;
  1026  001F  1C0B               	btfss	11,0	;volatile
  1027  0020  2822               	goto	u26_21
  1028  0021  2823               	goto	u26_20
  1029  0022                     u26_21:
  1030  0022  2834               	goto	i1l1209
  1031  0023                     u26_20:
  1032  0023                     i1l1199:
  1033                           
  1034                           ;main.c: 42:             break;
  1035  0023  1283               	bcf	3,5	;RP0=0, select bank0
  1036  0024  1303               	bcf	3,6	;RP1=0, select bank0
  1037  0025  1806               	btfsc	6,0	;volatile
  1038  0026  2828               	goto	u27_21
  1039  0027  2829               	goto	u27_20
  1040  0028                     u27_21:
  1041  0028  282D               	goto	i1l1203
  1042  0029                     u27_20:
  1043  0029                     i1l1201:
  1044                           
  1045                           ;main.c: 43:         }
  1046  0029  3001               	movlw	1
  1047  002A  00F3               	movwf	??_isr
  1048  002B  0873               	movf	??_isr,w
  1049  002C  07AF               	addwf	_var,f
  1050  002D                     i1l1203:
  1051                           
  1052                           ;main.c: 45:     }
  1053  002D  1886               	btfsc	6,1	;volatile
  1054  002E  2830               	goto	u28_21
  1055  002F  2831               	goto	u28_20
  1056  0030                     u28_21:
  1057  0030  2833               	goto	i1l1207
  1058  0031                     u28_20:
  1059  0031                     i1l1205:
  1060                           
  1061                           ;main.c: 46: 
  1062  0031  3001               	movlw	1
  1063  0032  02AF               	subwf	_var,f
  1064  0033                     i1l1207:
  1065                           
  1066                           ;main.c: 48: void main(void) {
  1067  0033  100B               	bcf	11,0	;volatile
  1068  0034                     i1l1209:
  1069                           
  1070                           ;main.c: 50: 
  1071  0034  1283               	bcf	3,5	;RP0=0, select bank0
  1072  0035  1303               	bcf	3,6	;RP1=0, select bank0
  1073  0036  149F               	bsf	31,1	;volatile
  1074  0037                     i1l1211:
  1075                           
  1076                           ;main.c: 52:     OSCCONbits.SCS = 1;
  1077  0037  1F0C               	btfss	12,6	;volatile
  1078  0038  283A               	goto	u29_21
  1079  0039  283B               	goto	u29_20
  1080  003A                     u29_21:
  1081  003A  2847               	goto	i1l1217
  1082  003B                     u29_20:
  1083  003B                     i1l1213:
  1084                           
  1085                           ;main.c: 53: 
  1086  003B  087B               	movf	_num,w
  1087  003C  120A  118A  21BB  120A  118A  	fcall	_ADCnum
  1088  0041  00F3               	movwf	??_isr
  1089  0042  0873               	movf	??_isr,w
  1090  0043  1283               	bcf	3,5	;RP0=0, select bank0
  1091  0044  1303               	bcf	3,6	;RP1=0, select bank0
  1092  0045  00AE               	movwf	_valHex
  1093  0046                     i1l1215:
  1094                           
  1095                           ;main.c: 55:     ANSEL = 0;
  1096  0046  130C               	bcf	12,6	;volatile
  1097  0047                     i1l1217:
  1098                           
  1099                           ;main.c: 58:     TRISA = 0;
  1100  0047  3021               	movlw	33
  1101  0048  00F3               	movwf	??_isr
  1102  0049                     u32_27:
  1103  0049  0BF3               	decfsz	??_isr,f
  1104  004A  2849               	goto	u32_27
  1105  004B                     i1l1219:
  1106                           
  1107                           ;main.c: 60:     TRISC = 0;
  1108  004B  1D0B               	btfss	11,2	;volatile
  1109  004C  284E               	goto	u30_21
  1110  004D  284F               	goto	u30_20
  1111  004E                     u30_21:
  1112  004E  2882               	goto	i1l90
  1113  004F                     u30_20:
  1114  004F                     i1l1221:
  1115                           
  1116                           ;main.c: 61:     TRISD = 0;
  1117  004F  120A  118A  21B1  120A  118A  	fcall	_TMR0_LIB
  1118                           
  1119                           ;main.c: 63: 
  1120  0054  2872               	goto	i1l1233
  1121  0055                     i1l1223:
  1122                           
  1123                           ;main.c: 65:     PORTB = 0;
  1124  0055  1283               	bcf	3,5	;RP0=0, select bank0
  1125  0056  1303               	bcf	3,6	;RP1=0, select bank0
  1126  0057  082D               	movf	_num1,w
  1127  0058  120A  118A  2156  120A  118A  	fcall	_TablaHex
  1128  005D  1283               	bcf	3,5	;RP0=0, select bank0
  1129  005E  1303               	bcf	3,6	;RP1=0, select bank0
  1130  005F  0088               	movwf	8	;volatile
  1131  0060                     i1l1225:
  1132                           
  1133                           ;main.c: 66:     PORTC = 0;
  1134  0060  3001               	movlw	1
  1135  0061  00F3               	movwf	??_isr
  1136  0062  0873               	movf	??_isr,w
  1137  0063  07F8               	addwf	_banderas,f
  1138                           
  1139                           ;main.c: 67:     PORTD = 0;
  1140  0064  2882               	goto	i1l90
  1141  0065                     i1l1227:
  1142                           
  1143                           ;main.c: 69: 
  1144  0065  1283               	bcf	3,5	;RP0=0, select bank0
  1145  0066  1303               	bcf	3,6	;RP1=0, select bank0
  1146  0067  082C               	movf	_num2,w
  1147  0068  120A  118A  2156  120A  118A  	fcall	_TablaHex
  1148  006D  1283               	bcf	3,5	;RP0=0, select bank0
  1149  006E  1303               	bcf	3,6	;RP1=0, select bank0
  1150  006F  0088               	movwf	8	;volatile
  1151  0070                     i1l1229:
  1152                           
  1153                           ;main.c: 70: 
  1154  0070  01F8               	clrf	_banderas
  1155                           
  1156                           ;main.c: 71: 
  1157  0071  2882               	goto	i1l90
  1158  0072                     i1l1233:
  1159  0072  0878               	movf	_banderas,w
  1160  0073  00F3               	movwf	??_isr
  1161  0074  01F4               	clrf	??_isr+1
  1162                           
  1163                           ; Switch on 2 bytes has been partitioned into a top level switch of size 1, and 1 sub-sw
      +                          itches
  1164                           ; Switch size 1, requested type "simple"
  1165                           ; Number of cases is 1, Range of values is 0 to 0
  1166                           ; switch strategies available:
  1167                           ; Name         Instructions Cycles
  1168                           ; simple_byte            4     3 (average)
  1169                           ; direct_byte           11     8 (fixed)
  1170                           ; jumptable            260     6 (fixed)
  1171                           ;	Chosen strategy is simple_byte
  1172  0075  0874               	movf	??_isr+1,w
  1173  0076  3A00               	xorlw	0	; case 0
  1174  0077  1903               	skipnz
  1175  0078  287A               	goto	i1l1353
  1176  0079  2882               	goto	i1l90
  1177  007A                     i1l1353:
  1178                           
  1179                           ; Switch size 1, requested type "simple"
  1180                           ; Number of cases is 2, Range of values is 0 to 1
  1181                           ; switch strategies available:
  1182                           ; Name         Instructions Cycles
  1183                           ; simple_byte            7     4 (average)
  1184                           ; direct_byte           14     8 (fixed)
  1185                           ; jumptable            260     6 (fixed)
  1186                           ;	Chosen strategy is simple_byte
  1187  007A  0873               	movf	??_isr,w
  1188  007B  3A00               	xorlw	0	; case 0
  1189  007C  1903               	skipnz
  1190  007D  2855               	goto	i1l1223
  1191  007E  3A01               	xorlw	1	; case 1
  1192  007F  1903               	skipnz
  1193  0080  2865               	goto	i1l1227
  1194  0081  2882               	goto	i1l90
  1195  0082                     i1l90:
  1196  0082  0877               	movf	??_isr+4,w
  1197  0083  008A               	movwf	10
  1198  0084  0876               	movf	??_isr+3,w
  1199  0085  0084               	movwf	4
  1200  0086  0E75               	swapf	??_isr+2,w
  1201  0087  0083               	movwf	3
  1202  0088  0EFE               	swapf	btemp,f
  1203  0089  0E7E               	swapf	btemp,w
  1204  008A  0009               	retfie
  1205  008B                     __end_of_isr:
  1206                           
  1207                           	psect	intentry
  1208  0004                     __pintentry:	
  1209                           ;incstack = 0
  1210                           ; Regs used in _isr: [wreg-fsr0h+status,2+status,0+pclath+cstack]
  1211                           
  1212  0004                     interrupt_function:
  1213  007E                     saved_w	set	btemp
  1214  0004  00FE               	movwf	btemp
  1215  0005  0E03               	swapf	3,w
  1216  0006  00F5               	movwf	??_isr+2
  1217  0007  0804               	movf	4,w
  1218  0008  00F6               	movwf	??_isr+3
  1219  0009  080A               	movf	10,w
  1220  000A  00F7               	movwf	??_isr+4
  1221  000B  120A  118A  281F   	ljmp	_isr
  1222                           
  1223                           	psect	text3
  1224  0156                     __ptext3:	
  1225 ;; *************** function _TablaHex *****************
  1226 ;; Defined at:
  1227 ;;		line 14 in file "LibreriaHex.c"
  1228 ;; Parameters:    Size  Location     Type
  1229 ;;  valorH          1    wreg     unsigned char 
  1230 ;; Auto vars:     Size  Location     Type
  1231 ;;  valorH          1    2[COMMON] unsigned char 
  1232 ;; Return value:  Size  Location     Type
  1233 ;;                  1    wreg      unsigned char 
  1234 ;; Registers used:
  1235 ;;		wreg, fsr0l, fsr0h, status,2, status,0
  1236 ;; Tracked objects:
  1237 ;;		On entry : 0/0
  1238 ;;		On exit  : 0/0
  1239 ;;		Unchanged: 0/0
  1240 ;; Data sizes:     COMMON   BANK0   BANK1   BANK3   BANK2
  1241 ;;      Params:         0       0       0       0       0
  1242 ;;      Locals:         1       0       0       0       0
  1243 ;;      Temps:          2       0       0       0       0
  1244 ;;      Totals:         3       0       0       0       0
  1245 ;;Total ram usage:        3 bytes
  1246 ;; Hardware stack levels used:    1
  1247 ;; This function calls:
  1248 ;;		Nothing
  1249 ;; This function is called by:
  1250 ;;		_isr
  1251 ;; This function uses a non-reentrant model
  1252 ;;
  1253                           
  1254                           
  1255                           ;psect for function _TablaHex
  1256  0156                     _TablaHex:
  1257                           
  1258                           ;incstack = 0
  1259                           ; Regs used in _TablaHex: [wreg-fsr0h+status,2+status,0]
  1260                           ;TablaHex@valorH stored from wreg
  1261  0156  00F2               	movwf	TablaHex@valorH
  1262  0157                     i1l1049:
  1263                           
  1264                           ;LibreriaHex.c: 15:     switch(valorH){
  1265  0157  2976               	goto	i1l1147
  1266  0158                     i1l1051:
  1267                           
  1268                           ;LibreriaHex.c: 17:         return 0b00111111;
  1269  0158  303F               	movlw	63
  1270  0159  29B0               	goto	i1l117
  1271  015A                     i1l1057:
  1272                           
  1273                           ;LibreriaHex.c: 20:         return 0b01011011;
  1274  015A  305B               	movlw	91
  1275  015B  29B0               	goto	i1l117
  1276  015C                     i1l1069:
  1277                           
  1278                           ;LibreriaHex.c: 26:         return 0b01001111;
  1279  015C  304F               	movlw	79
  1280  015D  29B0               	goto	i1l117
  1281  015E                     i1l1075:
  1282                           
  1283                           ;LibreriaHex.c: 29:         return 0b01100110;
  1284  015E  3066               	movlw	102
  1285  015F  29B0               	goto	i1l117
  1286  0160                     i1l1081:
  1287                           
  1288                           ;LibreriaHex.c: 32:         return 0b01101101;
  1289  0160  306D               	movlw	109
  1290  0161  29B0               	goto	i1l117
  1291  0162                     i1l1087:
  1292                           
  1293                           ;LibreriaHex.c: 35:         return 0b01111101;
  1294  0162  307D               	movlw	125
  1295  0163  29B0               	goto	i1l117
  1296  0164                     i1l1091:
  1297                           
  1298                           ;LibreriaHex.c: 37:         return 0b00000111;
  1299  0164  3007               	movlw	7
  1300  0165  29B0               	goto	i1l117
  1301  0166                     i1l1097:
  1302                           
  1303                           ;LibreriaHex.c: 40:         return 0b01111111;
  1304  0166  307F               	movlw	127
  1305  0167  29B0               	goto	i1l117
  1306  0168                     i1l1103:
  1307                           
  1308                           ;LibreriaHex.c: 43:         return 0b01100111;
  1309  0168  3067               	movlw	103
  1310  0169  29B0               	goto	i1l117
  1311  016A                     i1l1109:
  1312                           
  1313                           ;LibreriaHex.c: 46:         return 0b01110111;
  1314  016A  3077               	movlw	119
  1315  016B  29B0               	goto	i1l117
  1316  016C                     i1l1115:
  1317                           
  1318                           ;LibreriaHex.c: 49:         return 0b01111100;
  1319  016C  307C               	movlw	124
  1320  016D  29B0               	goto	i1l117
  1321  016E                     i1l1121:
  1322                           
  1323                           ;LibreriaHex.c: 52:         return 0b00111001;
  1324  016E  3039               	movlw	57
  1325  016F  29B0               	goto	i1l117
  1326  0170                     i1l1127:
  1327                           
  1328                           ;LibreriaHex.c: 55:         return 0b01011110;
  1329  0170  305E               	movlw	94
  1330  0171  29B0               	goto	i1l117
  1331  0172                     i1l1133:
  1332                           
  1333                           ;LibreriaHex.c: 58:         return 0b01111001;
  1334  0172  3079               	movlw	121
  1335  0173  29B0               	goto	i1l117
  1336  0174                     i1l1139:
  1337                           
  1338                           ;LibreriaHex.c: 61:         return 0b01110001;
  1339  0174  3071               	movlw	113
  1340  0175  29B0               	goto	i1l117
  1341  0176                     i1l1147:
  1342  0176  0872               	movf	TablaHex@valorH,w
  1343  0177  00F0               	movwf	??_TablaHex
  1344  0178  01F1               	clrf	??_TablaHex+1
  1345                           
  1346                           ; Switch on 2 bytes has been partitioned into a top level switch of size 1, and 1 sub-sw
      +                          itches
  1347                           ; Switch size 1, requested type "simple"
  1348                           ; Number of cases is 1, Range of values is 0 to 0
  1349                           ; switch strategies available:
  1350                           ; Name         Instructions Cycles
  1351                           ; simple_byte            4     3 (average)
  1352                           ; direct_byte           11     8 (fixed)
  1353                           ; jumptable            260     6 (fixed)
  1354                           ;	Chosen strategy is simple_byte
  1355  0179  0871               	movf	??_TablaHex+1,w
  1356  017A  3A00               	xorlw	0	; case 0
  1357  017B  1903               	skipnz
  1358  017C  297E               	goto	i1l1355
  1359  017D  29B0               	goto	i1l117
  1360  017E                     i1l1355:
  1361                           
  1362                           ; Switch size 1, requested type "simple"
  1363                           ; Number of cases is 16, Range of values is 0 to 15
  1364                           ; switch strategies available:
  1365                           ; Name         Instructions Cycles
  1366                           ; simple_byte           49    25 (average)
  1367                           ; direct_byte           56     8 (fixed)
  1368                           ; jumptable            260     6 (fixed)
  1369                           ;	Chosen strategy is simple_byte
  1370  017E  0870               	movf	??_TablaHex,w
  1371  017F  3A00               	xorlw	0	; case 0
  1372  0180  1903               	skipnz
  1373  0181  2958               	goto	i1l1051
  1374  0182  3A01               	xorlw	1	; case 1
  1375  0183  1903               	skipnz
  1376  0184  295A               	goto	i1l1057
  1377  0185  3A03               	xorlw	3	; case 2
  1378  0186  1903               	skipnz
  1379  0187  295A               	goto	i1l1057
  1380  0188  3A01               	xorlw	1	; case 3
  1381  0189  1903               	skipnz
  1382  018A  295C               	goto	i1l1069
  1383  018B  3A07               	xorlw	7	; case 4
  1384  018C  1903               	skipnz
  1385  018D  295E               	goto	i1l1075
  1386  018E  3A01               	xorlw	1	; case 5
  1387  018F  1903               	skipnz
  1388  0190  2960               	goto	i1l1081
  1389  0191  3A03               	xorlw	3	; case 6
  1390  0192  1903               	skipnz
  1391  0193  2962               	goto	i1l1087
  1392  0194  3A01               	xorlw	1	; case 7
  1393  0195  1903               	skipnz
  1394  0196  2964               	goto	i1l1091
  1395  0197  3A0F               	xorlw	15	; case 8
  1396  0198  1903               	skipnz
  1397  0199  2966               	goto	i1l1097
  1398  019A  3A01               	xorlw	1	; case 9
  1399  019B  1903               	skipnz
  1400  019C  2968               	goto	i1l1103
  1401  019D  3A03               	xorlw	3	; case 10
  1402  019E  1903               	skipnz
  1403  019F  296A               	goto	i1l1109
  1404  01A0  3A01               	xorlw	1	; case 11
  1405  01A1  1903               	skipnz
  1406  01A2  296C               	goto	i1l1115
  1407  01A3  3A07               	xorlw	7	; case 12
  1408  01A4  1903               	skipnz
  1409  01A5  296E               	goto	i1l1121
  1410  01A6  3A01               	xorlw	1	; case 13
  1411  01A7  1903               	skipnz
  1412  01A8  2970               	goto	i1l1127
  1413  01A9  3A03               	xorlw	3	; case 14
  1414  01AA  1903               	skipnz
  1415  01AB  2972               	goto	i1l1133
  1416  01AC  3A01               	xorlw	1	; case 15
  1417  01AD  1903               	skipnz
  1418  01AE  2974               	goto	i1l1139
  1419  01AF  29B0               	goto	i1l117
  1420  01B0                     i1l117:
  1421  01B0  0008               	return
  1422  01B1                     __end_of_TablaHex:
  1423                           
  1424                           	psect	text4
  1425  01B1                     __ptext4:	
  1426 ;; *************** function _TMR0_LIB *****************
  1427 ;; Defined at:
  1428 ;;		line 12 in file "LibreriaTMR0.c"
  1429 ;; Parameters:    Size  Location     Type
  1430 ;;		None
  1431 ;; Auto vars:     Size  Location     Type
  1432 ;;		None
  1433 ;; Return value:  Size  Location     Type
  1434 ;;                  1    wreg      void 
  1435 ;; Registers used:
  1436 ;;		wreg, status,2, status,0
  1437 ;; Tracked objects:
  1438 ;;		On entry : 0/0
  1439 ;;		On exit  : 0/0
  1440 ;;		Unchanged: 0/0
  1441 ;; Data sizes:     COMMON   BANK0   BANK1   BANK3   BANK2
  1442 ;;      Params:         0       0       0       0       0
  1443 ;;      Locals:         0       0       0       0       0
  1444 ;;      Temps:          1       0       0       0       0
  1445 ;;      Totals:         1       0       0       0       0
  1446 ;;Total ram usage:        1 bytes
  1447 ;; Hardware stack levels used:    1
  1448 ;; This function calls:
  1449 ;;		Nothing
  1450 ;; This function is called by:
  1451 ;;		_isr
  1452 ;; This function uses a non-reentrant model
  1453 ;;
  1454                           
  1455                           
  1456                           ;psect for function _TMR0_LIB
  1457  01B1                     _TMR0_LIB:
  1458  01B1                     i1l1043:	
  1459                           ;incstack = 0
  1460                           ; Regs used in _TMR0_LIB: [wreg+status,2+status,0]
  1461                           
  1462                           
  1463                           ;LibreriaTMR0.c: 13:         TMR0 = 125;
  1464  01B1  307D               	movlw	125
  1465  01B2  1283               	bcf	3,5	;RP0=0, select bank0
  1466  01B3  1303               	bcf	3,6	;RP1=0, select bank0
  1467  01B4  0081               	movwf	1	;volatile
  1468  01B5                     i1l1045:
  1469                           
  1470                           ;LibreriaTMR0.c: 14:         INTCONbits.T0IF = 0;
  1471  01B5  110B               	bcf	11,2	;volatile
  1472  01B6                     i1l1047:
  1473                           
  1474                           ;LibreriaTMR0.c: 15:         PORTE++;
  1475  01B6  3001               	movlw	1
  1476  01B7  00F0               	movwf	??_TMR0_LIB
  1477  01B8  0870               	movf	??_TMR0_LIB,w
  1478  01B9  0789               	addwf	9,f	;volatile
  1479  01BA                     i1l112:
  1480  01BA  0008               	return
  1481  01BB                     __end_of_TMR0_LIB:
  1482                           
  1483                           	psect	text5
  1484  01BB                     __ptext5:	
  1485 ;; *************** function _ADCnum *****************
  1486 ;; Defined at:
  1487 ;;		line 11 in file "LibreriaADC.c"
  1488 ;; Parameters:    Size  Location     Type
  1489 ;;  num             1    wreg     unsigned char 
  1490 ;; Auto vars:     Size  Location     Type
  1491 ;;  num             1    0[COMMON] unsigned char 
  1492 ;; Return value:  Size  Location     Type
  1493 ;;                  1    wreg      unsigned char 
  1494 ;; Registers used:
  1495 ;;		wreg
  1496 ;; Tracked objects:
  1497 ;;		On entry : 0/0
  1498 ;;		On exit  : 0/0
  1499 ;;		Unchanged: 0/0
  1500 ;; Data sizes:     COMMON   BANK0   BANK1   BANK3   BANK2
  1501 ;;      Params:         0       0       0       0       0
  1502 ;;      Locals:         0       0       0       0       0
  1503 ;;      Temps:          0       0       0       0       0
  1504 ;;      Totals:         0       0       0       0       0
  1505 ;;Total ram usage:        0 bytes
  1506 ;; Hardware stack levels used:    1
  1507 ;; This function calls:
  1508 ;;		Nothing
  1509 ;; This function is called by:
  1510 ;;		_isr
  1511 ;; This function uses a non-reentrant model
  1512 ;;
  1513                           
  1514                           
  1515                           ;psect for function _ADCnum
  1516  01BB                     _ADCnum:
  1517  01BB                     i1l1039:	
  1518                           ;incstack = 0
  1519                           ; Regs used in _ADCnum: [wreg]
  1520                           
  1521                           
  1522                           ;LibreriaADC.c: 12:     return ADRESH;
  1523  01BB  1283               	bcf	3,5	;RP0=0, select bank0
  1524  01BC  1303               	bcf	3,6	;RP1=0, select bank0
  1525  01BD  081E               	movf	30,w	;volatile
  1526  01BE                     i1l103:
  1527  01BE  0008               	return
  1528  01BF                     __end_of_ADCnum:
  1529  007E                     btemp	set	126	;btemp
  1530  007E                     wtemp0	set	126
  1531                           
  1532                           	psect	config
  1533                           
  1534                           ;Config register CONFIG1 @ 0x2007
  1535                           ;	Oscillator Selection bits
  1536                           ;	FOSC = INTRC_NOCLKOUT, INTOSCIO oscillator: I/O function on RA6/OSC2/CLKOUT pin, I/O f
      +                          unction on RA7/OSC1/CLKIN
  1537                           ;	Watchdog Timer Enable bit
  1538                           ;	WDTE = OFF, WDT disabled and can be enabled by SWDTEN bit of the WDTCON register
  1539                           ;	Power-up Timer Enable bit
  1540                           ;	PWRTE = OFF, PWRT disabled
  1541                           ;	RE3/MCLR pin function select bit
  1542                           ;	MCLRE = OFF, RE3/MCLR pin function is digital input, MCLR internally tied to VDD
  1543                           ;	Code Protection bit
  1544                           ;	CP = OFF, Program memory code protection is disabled
  1545                           ;	Data Code Protection bit
  1546                           ;	CPD = OFF, Data memory code protection is disabled
  1547                           ;	Brown Out Reset Selection bits
  1548                           ;	BOREN = OFF, BOR disabled
  1549                           ;	Internal External Switchover bit
  1550                           ;	IESO = OFF, Internal/External Switchover mode is disabled
  1551                           ;	Fail-Safe Clock Monitor Enabled bit
  1552                           ;	FCMEN = OFF, Fail-Safe Clock Monitor is disabled
  1553                           ;	Low Voltage Programming Enable bit
  1554                           ;	LVP = OFF, RB3 pin has digital I/O, HV on MCLR must be used for programming
  1555                           ;	In-Circuit Debugger Mode bit
  1556                           ;	DEBUG = 0x1, unprogrammed default
  1557  2007                     	org	8199
  1558  2007  20D4               	dw	8404
  1559                           
  1560                           ;Config register CONFIG2 @ 0x2008
  1561                           ;	Brown-out Reset Selection bit
  1562                           ;	BOR4V = BOR40V, Brown-out Reset set to 4.0V
  1563                           ;	Flash Program Memory Self Write Enable bits
  1564                           ;	WRT = OFF, Write protection off
  1565  2008                     	org	8200
  1566  2008  3FFF               	dw	16383

Data Sizes:
    Strings     0
    Constant    0
    Data        0
    BSS         8
    Persistent  0
    Stack       0

Auto Spaces:
    Space          Size  Autos    Used
    COMMON           14      8      12
    BANK0            80     12      16
    BANK1            80      0       0
    BANK3            96      0       0
    BANK2            96      0       0

Pointer List with Targets:

    None.

Critical Paths under _main in COMMON

    None.

Critical Paths under _isr in COMMON

    _isr->_TablaHex

Critical Paths under _main in BANK0

    _main->___awdiv

Critical Paths under _isr in BANK0

    None.

Critical Paths under _main in BANK1

    None.

Critical Paths under _isr in BANK1

    None.

Critical Paths under _main in BANK3

    None.

Critical Paths under _isr in BANK3

    None.

Critical Paths under _main in BANK2

    None.

Critical Paths under _isr in BANK2

    None.

Call Graph Tables:

 ---------------------------------------------------------------------------------
 (Depth) Function   	        Calls       Base Space   Used Autos Params    Refs
 ---------------------------------------------------------------------------------
 (0) _main                                                 3     3      0     452
                                              9 BANK0      3     3      0
                            ___awdiv
 ---------------------------------------------------------------------------------
 (1) ___awdiv                                              9     5      4     452
                                              0 BANK0      9     5      4
 ---------------------------------------------------------------------------------
 Estimated maximum stack depth 1
 ---------------------------------------------------------------------------------
 (Depth) Function   	        Calls       Base Space   Used Autos Params    Refs
 ---------------------------------------------------------------------------------
 (2) _isr                                                  5     5      0      22
                                              3 COMMON     5     5      0
                             _ADCnum
                           _TMR0_LIB
                           _TablaHex
 ---------------------------------------------------------------------------------
 (3) _TablaHex                                             3     3      0      22
                                              0 COMMON     3     3      0
 ---------------------------------------------------------------------------------
 (3) _TMR0_LIB                                             1     1      0       0
                                              0 COMMON     1     1      0
 ---------------------------------------------------------------------------------
 (3) _ADCnum                                               1     1      0       0
 ---------------------------------------------------------------------------------
 Estimated maximum stack depth 3
 ---------------------------------------------------------------------------------

 Call Graph Graphs:

 _main (ROOT)
   ___awdiv

 _isr (ROOT)
   _ADCnum
   _TMR0_LIB
   _TablaHex

 Address spaces:
Name               Size   Autos  Total    Cost      Usage
BITCOMMON            E      0       0       0        0.0%
EEDATA             100      0       0       0        0.0%
NULL                 0      0       0       0        0.0%
CODE                 0      0       0       0        0.0%
COMMON               E      8       C       1       85.7%
BITSFR0              0      0       0       1        0.0%
SFR0                 0      0       0       1        0.0%
BITSFR1              0      0       0       2        0.0%
SFR1                 0      0       0       2        0.0%
STACK                0      0       0       2        0.0%
ABS                  0      0      1C       3        0.0%
BITBANK0            50      0       0       4        0.0%
BITSFR3              0      0       0       4        0.0%
SFR3                 0      0       0       4        0.0%
BANK0               50      C      10       5       20.0%
BITSFR2              0      0       0       5        0.0%
SFR2                 0      0       0       5        0.0%
BITBANK1            50      0       0       6        0.0%
BANK1               50      0       0       7        0.0%
BITBANK3            60      0       0       8        0.0%
BANK3               60      0       0       9        0.0%
BITBANK2            60      0       0      10        0.0%
BANK2               60      0       0      11        0.0%
DATA                 0      0      1C      12        0.0%


Microchip Technology PIC Macro Assembler V2.31 build 20201012212115 
Symbol Table                                                                                   Thu Jul 22 12:13:13 2021

           ___awdiv@sign 0026                      l372 00F3                      u200 00C0  
                    u201 00BF                      u220 00D1                      u221 00D0  
                    u215 00C1                      u240 00E5                      u160 0092  
                    u241 00E4                      u225 00CD                      u161 0091  
                    u250 00EA                      u170 009D                      u251 00E9  
                    u235 00D9                      u171 009C                      u180 00AE  
                    u181 00AD                      u317 0119                      u195 00B2  
                    _isr 001F                      _var 002F                      _num 007B  
                    fsr0 0004                     l1301 012F                     l1311 014D  
                   l1303 0130                     l1161 0099                     l1153 008B  
                   l1305 0131                     l1241 00FA                     l1171 00AE  
                   l1163 009D                     l1155 008E                     l1307 0134  
                   l1251 0105                     l1243 00FB                     l1181 00D1  
                   l1173 00B1                     l1165 00A2                     l1157 0092  
                   l1309 0137                     l1261 010D                     l1253 0106  
                   l1245 00FE                     l1191 00EA                     l1183 00D7  
                   l1175 00B8                     l1167 00A6                     l1159 0097  
                   l1271 0115                     l1263 010E                     l1255 0107  
                   l1247 0100                     l1239 00F4                     l1193 00EF  
                   l1185 00D8                     l1177 00BC                     l1169 00A8  
                   l1281 0122                     l1273 011C                     l1265 010F  
                   l1257 0109                     l1249 0103                     l1187 00DF  
                   l1179 00C0                     l1291 0127                     l1283 0123  
                   l1275 011F                     l1267 0110                     l1259 010C  
                   l1189 00E5                     l1293 0128                     l1285 0124  
                   l1277 0120                     l1269 0112                     l1295 012C  
                   l1287 0125                     l1279 0121                     l1297 012D  
                   l1289 0126                     l1299 012E                     _ADIF 0066  
                   ?_isr 0070                     _T0IF 005A                     _RBIF 0058  
                   i1l90 0082                     _TMR0 0001                     _main 00F4  
                   _num1 002D                     _num2 002C                     btemp 007E  
                   start 000E                    ??_isr 0073                    ?_main 0070  
        __end_of___awdiv 00F4                    _ANSEL 0188          ___awdiv@divisor 0020  
                  i1l103 01BE                    i1l112 01BA                    i1l117 01B0  
        ___awdiv@counter 0025                    u30_20 004F                    u30_21 004E  
                  u32_27 0049                    u26_20 0023                    u26_21 0022  
                  u27_20 0029                    u27_21 0028                    _PORTA 0005  
                  _PORTB 0006                    _PORTC 0007                    _PORTD 0008  
                  _PORTE 0009                    u28_20 0031                    u28_21 0030  
                  u29_20 003B                    u29_21 003A                    _TRISA 0085  
                  _TRISB 0086                    _TRISC 0087                    _TRISD 0088  
                  _TRISE 0089         __end_of_TMR0_LIB 01BB                    _disp1 007A  
                  _disp2 0079                    pclath 000A                    status 0003  
                  wtemp0 007E          __initialization 0011             __end_of_main 0156  
       __end_of_TablaHex 01B1                   ??_main 0029                   _ADCON0 001F  
                 _ADCON1 009F                   _ADRESH 001E         ___awdiv@dividend 0022  
                 _ADCnum 01BB                   _ANSELH 0189                   i1l1103 0168  
                 i1l1121 016E                   i1l1201 0029                   i1l1043 01B1  
                 i1l1115 016C                   i1l1051 0158                   i1l1211 0037  
                 i1l1203 002D                   i1l1045 01B5                   i1l1133 0172  
                 i1l1109 016A                   i1l1221 004F                   i1l1213 003B  
                 i1l1205 0031                   i1l1039 01BB                   i1l1047 01B6  
                 i1l1127 0170                   i1l1223 0055                   i1l1215 0046  
                 i1l1207 0033                   i1l1081 0160                   i1l1057 015A  
                 i1l1049 0157                   i1l1225 0060                   i1l1233 0072  
                 i1l1217 0047                   i1l1209 0034                   i1l1139 0174  
                 i1l1091 0164                   i1l1075 015E                   i1l1147 0176  
                 i1l1227 0065                   i1l1219 004B                   i1l1069 015C  
                 i1l1229 0070                   i1l1087 0162                   i1l1097 0166  
                 i1l1353 007A                   i1l1355 017E                   i1l1197 001F  
                 i1l1199 0023                ??___awdiv 0024                ADCnum@num 0070  
                 _valHex 002E         ___awdiv@quotient 0027                   saved_w 007E  
__end_of__initialization 001B           __pcstackCOMMON 0070                ?_TMR0_LIB 0070  
         _OPTION_REGbits 0081           TablaHex@valorH 0072                  ?_ADCnum 0070  
             __pbssBANK0 002C                ?_TablaHex 0070               __pmaintext 00F4  
             ??_TMR0_LIB 0070               __pintentry 0004          __size_of_ADCnum 0004  
             ??_TablaHex 0070                  ___awdiv 008B                  __ptext1 008B  
                __ptext2 001F                  __ptext3 0156                  __ptext4 01B1  
                __ptext5 01BB             __size_of_isr 006C     end_of_initialization 001B  
              _PORTBbits 0006           __end_of_ADCnum 01BF        __size_of_TMR0_LIB 000A  
    start_initialization 0011              __end_of_isr 008B                 ??_ADCnum 0070  
      __size_of_TablaHex 005B              __pbssCOMMON 0078                ___latbits 0002  
          __pcstackBANK0 0020                 ?___awdiv 0020        interrupt_function 0004  
               _IOCBbits 0096                 _PIE1bits 008C                 _TMR0_LIB 01B1  
             _ADCON0bits 001F                 _WPUBbits 0095                 _TablaHex 0156  
       __size_of___awdiv 0069                 _banderas 0078            __size_of_main 0062  
             _INTCONbits 000B                 intlevel1 0000               _OSCCONbits 008F  
